<?xml version="1.0" encoding="UTF-8"?>
<testng-results ignored="0" total="1" passed="1" failed="0" skipped="0">
  <reporter-output>
  </reporter-output>
  <suite started-at="2024-08-08T21:18:51 EET" name="Default suite" finished-at="2024-08-08T21:18:55 EET" duration-ms="3383">
    <groups>
    </groups>
    <test started-at="2024-08-08T21:18:51 EET" name="Default test" finished-at="2024-08-08T21:18:55 EET" duration-ms="3383">
      <class name="SwagLab">
        <test-method is-config="true" signature="MySetup()[pri:0, instance:SwagLab@2cc44ad]" started-at="2024-08-08T21:18:51 EET" name="MySetup" finished-at="2024-08-08T21:18:54 EET" duration-ms="2307" status="PASS">
          <reporter-output>
          </reporter-output>
        </test-method> <!-- MySetup -->
        <test-method signature="Login()[pri:0, instance:SwagLab@2cc44ad]" started-at="2024-08-08T21:18:54 EET" name="Login" finished-at="2024-08-08T21:18:55 EET" duration-ms="950" status="PASS">
          <reporter-output>
          </reporter-output>
        </test-method> <!-- Login -->
      </class> <!-- SwagLab -->
    </test> <!-- Default test -->
  </suite> <!-- Default suite -->
</testng-results>
